<?xml version="1.0" encoding="UTF-8"?>
<!-- Generated by org.testng.reporters.JUnitXMLReporter -->
<testsuite ignored="0" hostname="LAPT-1-100304" failures="11" tests="47" name="Smoke" time="1357.063" errors="0" timestamp="2024-02-15T22:00:18 IST">
  <testcase classname="com.qa.bps.test.VSBTest" name="tosterValidateTest" time="40.108"/>
  <testcase classname="com.qa.bps.test.VSBTest" name="productDetailsTest" time="2.479"/>
  <testcase classname="com.qa.bps.test.VSBTest" name="mousehoverontaskTest" time="114.767"/>
  <testcase classname="com.qa.bps.test.VSBTest" name="fieldsNamesTest" time="16.722"/>
  <testcase classname="com.qa.bps.test.VSBTest" name="testSideButtonExist" time="0.063"/>
  <testcase classname="com.qa.bps.test.VSBTest" name="testFilterButtonExist" time="0.069"/>
  <testcase classname="com.qa.bps.test.VSBTest" name="testmovebatchButtonExist" time="0.057"/>
  <testcase classname="com.qa.bps.test.VSBTest" name="testDayViewDDExist" time="0.051"/>
  <testcase classname="com.qa.bps.test.VSBTest" name="starttask" time="53.742"/>
  <testcase classname="com.qa.bps.test.VSBTest" name="startTaskStatusInProductOverview" time="11.201"/>
  <testcase classname="com.qa.bps.test.VSBTest" name="navigateHp1" time="16.77"/>
  <testcase classname="com.qa.bps.test.VSBTest" name="completeTsk" time="23.636"/>
  <testcase classname="com.qa.bps.test.VSBTest" name="navigateHp2" time="16.794"/>
  <testcase classname="com.qa.bps.test.VSBTest" name="ValidateTaskClosure" time="46.371"/>
  <testcase classname="com.qa.bps.test.VSBTest" name="restartTask" time="21.329"/>
  <testcase classname="com.qa.bps.test.VSBTest" name="navigateHp3" time="16.716"/>
  <testcase classname="com.qa.bps.test.VSBTest" name="resetTaskTest" time="18.903"/>
  <testcase classname="com.qa.bps.test.VSBTest" name="testtaskStatusInProductOVPostReset" time="10.833"/>
  <testcase classname="com.qa.bps.test.VSBTest" name="navigateHp4" time="16.694"/>
  <testcase classname="com.qa.bps.test.VSBTest" name="notStartedStateTest" time="4.386"/>
  <testcase classname="com.qa.bps.test.VSBTest" name="inProgresStateTest" time="14.089"/>
  <testcase classname="com.qa.bps.test.VSBTest" name="completeStateTest" time="14.832"/>
  <testcase classname="com.qa.bps.test.VSBTest" name="postRestartStatusTest" time="12.612"/>
  <testcase classname="com.qa.bps.test.VSBTest" name="postResetStatusTest" time="12.815"/>
  <testcase classname="com.qa.bps.test.VSBTest" name="assetDownTest" time="10.786"/>
  <testcase classname="com.qa.bps.test.VSBTest" name="assetAlertInVsbTest" time="2.308"/>
  <testcase classname="com.qa.bps.test.VSBTest" name="assetAlertInPovTest" time="11.808"/>
  <testcase classname="com.qa.bps.test.VSBTest" name="addSideTaskTest" time="56.1"/>
  <testcase classname="com.qa.bps.test.VSBTest" name="sideTaskAvlTest" time="0.085"/>
  <testcase classname="com.qa.bps.test.VSBTest" name="delayStartTest" time="32.494"/>
  <testcase classname="com.qa.bps.test.VSBTest" name="delayStartValInVsbTest" time="0.438">
    <failure type="java.lang.AssertionError" message="expected [true] but found [false]">
      <![CDATA[java.lang.AssertionError: expected [true] but found [false]
at com.qa.bps.test.VSBTest.delayStartValInVsbTest(VSBTest.java:235)
at java.base/java.util.ArrayList.forEach(ArrayList.java:1511)
... Removed 31 stack frames]]>
    </failure>
  </testcase> <!-- delayStartValInVsbTest -->
  <testcase classname="com.qa.bps.test.VSBTest" name="delayStartValInPovTest" time="19.239">
    <failure type="java.lang.AssertionError" message="expected [true] but found [false]">
      <![CDATA[java.lang.AssertionError: expected [true] but found [false]
at com.qa.bps.test.VSBTest.delayStartValInPovTest(VSBTest.java:240)
at java.base/java.util.ArrayList.forEach(ArrayList.java:1511)
... Removed 31 stack frames]]>
    </failure>
  </testcase> <!-- delayStartValInPovTest -->
  <testcase classname="com.qa.bps.test.VSBTest" name="taskStartAndEnddateSyncOnInProgressStateTest" time="15.575">
    <failure type="org.openqa.selenium.ElementClickInterceptedException" message="element click intercepted: Element &amp;lt;button _ngcontent-bov-c8=&amp;quot;&amp;quot; class=&amp;quot;btn dropdown-toggle filter-background small-button no-border&amp;quot; data-toggle=&amp;quot;dropdown&amp;quot; type=&amp;quot;button&amp;quot;&amp;gt;...&amp;lt;/button&amp;gt; is not clickable at point (202, 122). Other element would receive the click: &amp;lt;div aria-hidden=&amp;quot;true&amp;quot; aria-labelledby=&amp;quot;exampleModalCenterTitle&amp;quot; class=&amp;quot;overlay-custom ng-tns-c11-13 ng-star-inserted&amp;quot; role=&amp;quot;dialog&amp;quot; tabindex=&amp;quot;-1&amp;quot;&amp;gt;...&amp;lt;/div&amp;gt;
  (Session info: chrome=121.0.6167.161)
Build info: version: &amp;apos;4.6.0&amp;apos;, revision: &amp;apos;79f1c02ae20&amp;apos;
System info: os.name: &amp;apos;Windows 11&amp;apos;, os.arch: &amp;apos;amd64&amp;apos;, os.version: &amp;apos;10.0&amp;apos;, java.version: &amp;apos;17.0.9&amp;apos;
Driver info: org.openqa.selenium.chrome.ChromeDriver
Command: [2e5c3a23cec78fc370ffd30459d9a1d8, clickElement {id=DF675F20C7E22BD21D4ACC2213F0368F_element_1896}]
Capabilities {acceptInsecureCerts: true, browserName: chrome, browserVersion: 121.0.6167.161, chrome: {chromedriverVersion: 121.0.6167.85 (3f98d690ad7e..., userDataDir: C:\Users\Admin\AppData\Loca...}, fedcm:accounts: true, goog:chromeOptions: {debuggerAddress: localhost:50535}, networkConnectionEnabled: false, pageLoadStrategy: normal, platformName: WINDOWS, proxy: Proxy(), se:cdp: ws://localhost:50535/devtoo..., se:cdpVersion: 121.0.6167.161, setWindowRect: true, strictFileInteractability: false, timeouts: {implicit: 0, pageLoad: 300000, script: 30000}, unhandledPromptBehavior: dismiss and notify, webauthn:extension:credBlob: true, webauthn:extension:largeBlob: true, webauthn:extension:minPinLength: true, webauthn:extension:prf: true, webauthn:virtualAuthenticators: true}
Element: [[ChromeDriver: chrome on WINDOWS (2e5c3a23cec78fc370ffd30459d9a1d8)] -&amp;gt; xpath: //button[contains(@class,&amp;apos;btn dropdown-toggle filter-background small-button no-border&amp;apos;)]]
Session ID: 2e5c3a23cec78fc370ffd30459d9a1d8">
      <![CDATA[org.openqa.selenium.ElementClickInterceptedException: element click intercepted: Element <button _ngcontent-bov-c8="" class="btn dropdown-toggle filter-background small-button no-border" data-toggle="dropdown" type="button">...</button> is not clickable at point (202, 122). Other element would receive the click: <div aria-hidden="true" aria-labelledby="exampleModalCenterTitle" class="overlay-custom ng-tns-c11-13 ng-star-inserted" role="dialog" tabindex="-1">...</div>
  (Session info: chrome=121.0.6167.161)
Build info: version: '4.6.0', revision: '79f1c02ae20'
System info: os.name: 'Windows 11', os.arch: 'amd64', os.version: '10.0', java.version: '17.0.9'
Driver info: org.openqa.selenium.chrome.ChromeDriver
Command: [2e5c3a23cec78fc370ffd30459d9a1d8, clickElement {id=DF675F20C7E22BD21D4ACC2213F0368F_element_1896}]
Capabilities {acceptInsecureCerts: true, browserName: chrome, browserVersion: 121.0.6167.161, chrome: {chromedriverVersion: 121.0.6167.85 (3f98d690ad7e..., userDataDir: C:\Users\Admin\AppData\Loca...}, fedcm:accounts: true, goog:chromeOptions: {debuggerAddress: localhost:50535}, networkConnectionEnabled: false, pageLoadStrategy: normal, platformName: WINDOWS, proxy: Proxy(), se:cdp: ws://localhost:50535/devtoo..., se:cdpVersion: 121.0.6167.161, setWindowRect: true, strictFileInteractability: false, timeouts: {implicit: 0, pageLoad: 300000, script: 30000}, unhandledPromptBehavior: dismiss and notify, webauthn:extension:credBlob: true, webauthn:extension:largeBlob: true, webauthn:extension:minPinLength: true, webauthn:extension:prf: true, webauthn:virtualAuthenticators: true}
Element: [[ChromeDriver: chrome on WINDOWS (2e5c3a23cec78fc370ffd30459d9a1d8)] -> xpath: //button[contains(@class,'btn dropdown-toggle filter-background small-button no-border')]]
Session ID: 2e5c3a23cec78fc370ffd30459d9a1d8
at org.openqa.selenium.remote.codec.w3c.W3CHttpResponseCodec.createException(W3CHttpResponseCodec.java:200)
at org.openqa.selenium.remote.codec.w3c.W3CHttpResponseCodec.decode(W3CHttpResponseCodec.java:133)
at org.openqa.selenium.remote.codec.w3c.W3CHttpResponseCodec.decode(W3CHttpResponseCodec.java:53)
at org.openqa.selenium.remote.HttpCommandExecutor.execute(HttpCommandExecutor.java:184)
at org.openqa.selenium.remote.service.DriverCommandExecutor.invokeExecute(DriverCommandExecutor.java:167)
at org.openqa.selenium.remote.service.DriverCommandExecutor.execute(DriverCommandExecutor.java:142)
at org.openqa.selenium.remote.RemoteWebDriver.execute(RemoteWebDriver.java:543)
at org.openqa.selenium.remote.RemoteWebElement.execute(RemoteWebElement.java:257)
at org.openqa.selenium.remote.RemoteWebElement.click(RemoteWebElement.java:78)
at com.qa.bps.pages.HomePage.navigateToVSB(HomePage.java:347)
at com.qa.bps.test.VSBTest.taskStartAndEnddateSyncOnInProgressStateTest(VSBTest.java:263)
at java.base/java.util.ArrayList.forEach(ArrayList.java:1511)
... Removed 32 stack frames]]>
    </failure>
  </testcase> <!-- taskStartAndEnddateSyncOnInProgressStateTest -->
  <testcase classname="com.qa.bps.test.VSBTest" name="taskStartAndEnddateSyncOnCloseStateTest" time="43.027">
    <failure type="org.openqa.selenium.NoSuchElementException" message="no such element: Unable to locate element: {&amp;quot;method&amp;quot;:&amp;quot;xpath&amp;quot;,&amp;quot;selector&amp;quot;:&amp;quot;//div[contains(text(),&amp;apos;VSB&amp;apos;)]&amp;quot;}
  (Session info: chrome=121.0.6167.161)
For documentation on this error, please visit: https://selenium.dev/exceptions/#no_such_element
Build info: version: &amp;apos;4.6.0&amp;apos;, revision: &amp;apos;79f1c02ae20&amp;apos;
System info: os.name: &amp;apos;Windows 11&amp;apos;, os.arch: &amp;apos;amd64&amp;apos;, os.version: &amp;apos;10.0&amp;apos;, java.version: &amp;apos;17.0.9&amp;apos;
Driver info: org.openqa.selenium.chrome.ChromeDriver
Command: [2e5c3a23cec78fc370ffd30459d9a1d8, findElement {using=xpath, value=//div[contains(text(),&amp;apos;VSB&amp;apos;)]}]
Capabilities {acceptInsecureCerts: true, browserName: chrome, browserVersion: 121.0.6167.161, chrome: {chromedriverVersion: 121.0.6167.85 (3f98d690ad7e..., userDataDir: C:\Users\Admin\AppData\Loca...}, fedcm:accounts: true, goog:chromeOptions: {debuggerAddress: localhost:50535}, networkConnectionEnabled: false, pageLoadStrategy: normal, platformName: WINDOWS, proxy: Proxy(), se:cdp: ws://localhost:50535/devtoo..., se:cdpVersion: 121.0.6167.161, setWindowRect: true, strictFileInteractability: false, timeouts: {implicit: 0, pageLoad: 300000, script: 30000}, unhandledPromptBehavior: dismiss and notify, webauthn:extension:credBlob: true, webauthn:extension:largeBlob: true, webauthn:extension:minPinLength: true, webauthn:extension:prf: true, webauthn:virtualAuthenticators: true}
Session ID: 2e5c3a23cec78fc370ffd30459d9a1d8">
      <![CDATA[org.openqa.selenium.NoSuchElementException: no such element: Unable to locate element: {"method":"xpath","selector":"//div[contains(text(),'VSB')]"}
  (Session info: chrome=121.0.6167.161)
For documentation on this error, please visit: https://selenium.dev/exceptions/#no_such_element
Build info: version: '4.6.0', revision: '79f1c02ae20'
System info: os.name: 'Windows 11', os.arch: 'amd64', os.version: '10.0', java.version: '17.0.9'
Driver info: org.openqa.selenium.chrome.ChromeDriver
Command: [2e5c3a23cec78fc370ffd30459d9a1d8, findElement {using=xpath, value=//div[contains(text(),'VSB')]}]
Capabilities {acceptInsecureCerts: true, browserName: chrome, browserVersion: 121.0.6167.161, chrome: {chromedriverVersion: 121.0.6167.85 (3f98d690ad7e..., userDataDir: C:\Users\Admin\AppData\Loca...}, fedcm:accounts: true, goog:chromeOptions: {debuggerAddress: localhost:50535}, networkConnectionEnabled: false, pageLoadStrategy: normal, platformName: WINDOWS, proxy: Proxy(), se:cdp: ws://localhost:50535/devtoo..., se:cdpVersion: 121.0.6167.161, setWindowRect: true, strictFileInteractability: false, timeouts: {implicit: 0, pageLoad: 300000, script: 30000}, unhandledPromptBehavior: dismiss and notify, webauthn:extension:credBlob: true, webauthn:extension:largeBlob: true, webauthn:extension:minPinLength: true, webauthn:extension:prf: true, webauthn:virtualAuthenticators: true}
Session ID: 2e5c3a23cec78fc370ffd30459d9a1d8
at org.openqa.selenium.remote.codec.w3c.W3CHttpResponseCodec.createException(W3CHttpResponseCodec.java:200)
at org.openqa.selenium.remote.codec.w3c.W3CHttpResponseCodec.decode(W3CHttpResponseCodec.java:133)
at org.openqa.selenium.remote.codec.w3c.W3CHttpResponseCodec.decode(W3CHttpResponseCodec.java:53)
at org.openqa.selenium.remote.HttpCommandExecutor.execute(HttpCommandExecutor.java:184)
at org.openqa.selenium.remote.service.DriverCommandExecutor.invokeExecute(DriverCommandExecutor.java:167)
at org.openqa.selenium.remote.service.DriverCommandExecutor.execute(DriverCommandExecutor.java:142)
at org.openqa.selenium.remote.RemoteWebDriver.execute(RemoteWebDriver.java:543)
at org.openqa.selenium.remote.ElementLocation$ElementFinder$2.findElement(ElementLocation.java:162)
at org.openqa.selenium.remote.ElementLocation.findElement(ElementLocation.java:60)
at org.openqa.selenium.remote.RemoteWebDriver.findElement(RemoteWebDriver.java:352)
at org.openqa.selenium.remote.RemoteWebDriver.findElement(RemoteWebDriver.java:344)
at com.qa.bps.pages.HomePage.navigateToVSB(HomePage.java:343)
at com.qa.bps.test.VSBTest.taskStartAndEnddateSyncOnCloseStateTest(VSBTest.java:269)
at java.base/java.util.ArrayList.forEach(ArrayList.java:1511)
... Removed 32 stack frames]]>
    </failure>
  </testcase> <!-- taskStartAndEnddateSyncOnCloseStateTest -->
  <testcase classname="com.qa.bps.test.VSBTest" name="taskStartAndEnddateSyncOnDelayStartStateTest" time="43.042">
    <failure type="org.openqa.selenium.NoSuchElementException" message="no such element: Unable to locate element: {&amp;quot;method&amp;quot;:&amp;quot;xpath&amp;quot;,&amp;quot;selector&amp;quot;:&amp;quot;//div[contains(text(),&amp;apos;VSB&amp;apos;)]&amp;quot;}
  (Session info: chrome=121.0.6167.161)
For documentation on this error, please visit: https://selenium.dev/exceptions/#no_such_element
Build info: version: &amp;apos;4.6.0&amp;apos;, revision: &amp;apos;79f1c02ae20&amp;apos;
System info: os.name: &amp;apos;Windows 11&amp;apos;, os.arch: &amp;apos;amd64&amp;apos;, os.version: &amp;apos;10.0&amp;apos;, java.version: &amp;apos;17.0.9&amp;apos;
Driver info: org.openqa.selenium.chrome.ChromeDriver
Command: [2e5c3a23cec78fc370ffd30459d9a1d8, findElement {using=xpath, value=//div[contains(text(),&amp;apos;VSB&amp;apos;)]}]
Capabilities {acceptInsecureCerts: true, browserName: chrome, browserVersion: 121.0.6167.161, chrome: {chromedriverVersion: 121.0.6167.85 (3f98d690ad7e..., userDataDir: C:\Users\Admin\AppData\Loca...}, fedcm:accounts: true, goog:chromeOptions: {debuggerAddress: localhost:50535}, networkConnectionEnabled: false, pageLoadStrategy: normal, platformName: WINDOWS, proxy: Proxy(), se:cdp: ws://localhost:50535/devtoo..., se:cdpVersion: 121.0.6167.161, setWindowRect: true, strictFileInteractability: false, timeouts: {implicit: 0, pageLoad: 300000, script: 30000}, unhandledPromptBehavior: dismiss and notify, webauthn:extension:credBlob: true, webauthn:extension:largeBlob: true, webauthn:extension:minPinLength: true, webauthn:extension:prf: true, webauthn:virtualAuthenticators: true}
Session ID: 2e5c3a23cec78fc370ffd30459d9a1d8">
      <![CDATA[org.openqa.selenium.NoSuchElementException: no such element: Unable to locate element: {"method":"xpath","selector":"//div[contains(text(),'VSB')]"}
  (Session info: chrome=121.0.6167.161)
For documentation on this error, please visit: https://selenium.dev/exceptions/#no_such_element
Build info: version: '4.6.0', revision: '79f1c02ae20'
System info: os.name: 'Windows 11', os.arch: 'amd64', os.version: '10.0', java.version: '17.0.9'
Driver info: org.openqa.selenium.chrome.ChromeDriver
Command: [2e5c3a23cec78fc370ffd30459d9a1d8, findElement {using=xpath, value=//div[contains(text(),'VSB')]}]
Capabilities {acceptInsecureCerts: true, browserName: chrome, browserVersion: 121.0.6167.161, chrome: {chromedriverVersion: 121.0.6167.85 (3f98d690ad7e..., userDataDir: C:\Users\Admin\AppData\Loca...}, fedcm:accounts: true, goog:chromeOptions: {debuggerAddress: localhost:50535}, networkConnectionEnabled: false, pageLoadStrategy: normal, platformName: WINDOWS, proxy: Proxy(), se:cdp: ws://localhost:50535/devtoo..., se:cdpVersion: 121.0.6167.161, setWindowRect: true, strictFileInteractability: false, timeouts: {implicit: 0, pageLoad: 300000, script: 30000}, unhandledPromptBehavior: dismiss and notify, webauthn:extension:credBlob: true, webauthn:extension:largeBlob: true, webauthn:extension:minPinLength: true, webauthn:extension:prf: true, webauthn:virtualAuthenticators: true}
Session ID: 2e5c3a23cec78fc370ffd30459d9a1d8
at org.openqa.selenium.remote.codec.w3c.W3CHttpResponseCodec.createException(W3CHttpResponseCodec.java:200)
at org.openqa.selenium.remote.codec.w3c.W3CHttpResponseCodec.decode(W3CHttpResponseCodec.java:133)
at org.openqa.selenium.remote.codec.w3c.W3CHttpResponseCodec.decode(W3CHttpResponseCodec.java:53)
at org.openqa.selenium.remote.HttpCommandExecutor.execute(HttpCommandExecutor.java:184)
at org.openqa.selenium.remote.service.DriverCommandExecutor.invokeExecute(DriverCommandExecutor.java:167)
at org.openqa.selenium.remote.service.DriverCommandExecutor.execute(DriverCommandExecutor.java:142)
at org.openqa.selenium.remote.RemoteWebDriver.execute(RemoteWebDriver.java:543)
at org.openqa.selenium.remote.ElementLocation$ElementFinder$2.findElement(ElementLocation.java:162)
at org.openqa.selenium.remote.ElementLocation.findElement(ElementLocation.java:60)
at org.openqa.selenium.remote.RemoteWebDriver.findElement(RemoteWebDriver.java:352)
at org.openqa.selenium.remote.RemoteWebDriver.findElement(RemoteWebDriver.java:344)
at com.qa.bps.pages.HomePage.navigateToVSB(HomePage.java:343)
at com.qa.bps.test.VSBTest.taskStartAndEnddateSyncOnDelayStartStateTest(VSBTest.java:277)
at java.base/java.util.ArrayList.forEach(ArrayList.java:1511)
... Removed 32 stack frames]]>
    </failure>
  </testcase> <!-- taskStartAndEnddateSyncOnDelayStartStateTest -->
  <testcase classname="com.qa.bps.test.VSBTest" name="taskStartAndEnddateSyncOnDelayCloseStateTest" time="43.126">
    <failure type="org.openqa.selenium.NoSuchElementException" message="no such element: Unable to locate element: {&amp;quot;method&amp;quot;:&amp;quot;xpath&amp;quot;,&amp;quot;selector&amp;quot;:&amp;quot;//div[contains(text(),&amp;apos;VSB&amp;apos;)]&amp;quot;}
  (Session info: chrome=121.0.6167.161)
For documentation on this error, please visit: https://selenium.dev/exceptions/#no_such_element
Build info: version: &amp;apos;4.6.0&amp;apos;, revision: &amp;apos;79f1c02ae20&amp;apos;
System info: os.name: &amp;apos;Windows 11&amp;apos;, os.arch: &amp;apos;amd64&amp;apos;, os.version: &amp;apos;10.0&amp;apos;, java.version: &amp;apos;17.0.9&amp;apos;
Driver info: org.openqa.selenium.chrome.ChromeDriver
Command: [2e5c3a23cec78fc370ffd30459d9a1d8, findElement {using=xpath, value=//div[contains(text(),&amp;apos;VSB&amp;apos;)]}]
Capabilities {acceptInsecureCerts: true, browserName: chrome, browserVersion: 121.0.6167.161, chrome: {chromedriverVersion: 121.0.6167.85 (3f98d690ad7e..., userDataDir: C:\Users\Admin\AppData\Loca...}, fedcm:accounts: true, goog:chromeOptions: {debuggerAddress: localhost:50535}, networkConnectionEnabled: false, pageLoadStrategy: normal, platformName: WINDOWS, proxy: Proxy(), se:cdp: ws://localhost:50535/devtoo..., se:cdpVersion: 121.0.6167.161, setWindowRect: true, strictFileInteractability: false, timeouts: {implicit: 0, pageLoad: 300000, script: 30000}, unhandledPromptBehavior: dismiss and notify, webauthn:extension:credBlob: true, webauthn:extension:largeBlob: true, webauthn:extension:minPinLength: true, webauthn:extension:prf: true, webauthn:virtualAuthenticators: true}
Session ID: 2e5c3a23cec78fc370ffd30459d9a1d8">
      <![CDATA[org.openqa.selenium.NoSuchElementException: no such element: Unable to locate element: {"method":"xpath","selector":"//div[contains(text(),'VSB')]"}
  (Session info: chrome=121.0.6167.161)
For documentation on this error, please visit: https://selenium.dev/exceptions/#no_such_element
Build info: version: '4.6.0', revision: '79f1c02ae20'
System info: os.name: 'Windows 11', os.arch: 'amd64', os.version: '10.0', java.version: '17.0.9'
Driver info: org.openqa.selenium.chrome.ChromeDriver
Command: [2e5c3a23cec78fc370ffd30459d9a1d8, findElement {using=xpath, value=//div[contains(text(),'VSB')]}]
Capabilities {acceptInsecureCerts: true, browserName: chrome, browserVersion: 121.0.6167.161, chrome: {chromedriverVersion: 121.0.6167.85 (3f98d690ad7e..., userDataDir: C:\Users\Admin\AppData\Loca...}, fedcm:accounts: true, goog:chromeOptions: {debuggerAddress: localhost:50535}, networkConnectionEnabled: false, pageLoadStrategy: normal, platformName: WINDOWS, proxy: Proxy(), se:cdp: ws://localhost:50535/devtoo..., se:cdpVersion: 121.0.6167.161, setWindowRect: true, strictFileInteractability: false, timeouts: {implicit: 0, pageLoad: 300000, script: 30000}, unhandledPromptBehavior: dismiss and notify, webauthn:extension:credBlob: true, webauthn:extension:largeBlob: true, webauthn:extension:minPinLength: true, webauthn:extension:prf: true, webauthn:virtualAuthenticators: true}
Session ID: 2e5c3a23cec78fc370ffd30459d9a1d8
at org.openqa.selenium.remote.codec.w3c.W3CHttpResponseCodec.createException(W3CHttpResponseCodec.java:200)
at org.openqa.selenium.remote.codec.w3c.W3CHttpResponseCodec.decode(W3CHttpResponseCodec.java:133)
at org.openqa.selenium.remote.codec.w3c.W3CHttpResponseCodec.decode(W3CHttpResponseCodec.java:53)
at org.openqa.selenium.remote.HttpCommandExecutor.execute(HttpCommandExecutor.java:184)
at org.openqa.selenium.remote.service.DriverCommandExecutor.invokeExecute(DriverCommandExecutor.java:167)
at org.openqa.selenium.remote.service.DriverCommandExecutor.execute(DriverCommandExecutor.java:142)
at org.openqa.selenium.remote.RemoteWebDriver.execute(RemoteWebDriver.java:543)
at org.openqa.selenium.remote.ElementLocation$ElementFinder$2.findElement(ElementLocation.java:162)
at org.openqa.selenium.remote.ElementLocation.findElement(ElementLocation.java:60)
at org.openqa.selenium.remote.RemoteWebDriver.findElement(RemoteWebDriver.java:352)
at org.openqa.selenium.remote.RemoteWebDriver.findElement(RemoteWebDriver.java:344)
at com.qa.bps.pages.HomePage.navigateToVSB(HomePage.java:343)
at com.qa.bps.test.VSBTest.taskStartAndEnddateSyncOnDelayCloseStateTest(VSBTest.java:285)
at java.base/java.util.ArrayList.forEach(ArrayList.java:1511)
... Removed 32 stack frames]]>
    </failure>
  </testcase> <!-- taskStartAndEnddateSyncOnDelayCloseStateTest -->
  <testcase classname="com.qa.bps.test.VSBTest" name="taskResetFuncInNormalStartTest" time="52.492"/>
  <testcase classname="com.qa.bps.test.VSBTest" name="taskResetFuncInNormalCloseTest" time="42.702"/>
  <testcase classname="com.qa.bps.test.VSBTest" name="taskResetFuncInDelayStartTest" time="53.377">
    <failure type="java.lang.AssertionError" message="expected task details are not matched with actual task details hence reset functionality is failed in delay start   expected [true] but found [false]">
      <![CDATA[java.lang.AssertionError: expected task details are not matched with actual task details hence reset functionality is failed in delay start   expected [true] but found [false]
at com.qa.bps.test.VSBTest.taskResetFuncInDelayStartTest(VSBTest.java:311)
at java.base/java.util.ArrayList.forEach(ArrayList.java:1511)
... Removed 30 stack frames]]>
    </failure>
  </testcase> <!-- taskResetFuncInDelayStartTest -->
  <testcase classname="com.qa.bps.test.VSBTest" name="taskResetFuncInDelayCloseTest" time="52.327">
    <failure type="java.lang.AssertionError" message="expected task details are not matched with actual task details hence reset functionality is failed in delay close   expected [true] but found [false]">
      <![CDATA[java.lang.AssertionError: expected task details are not matched with actual task details hence reset functionality is failed in delay close   expected [true] but found [false]
at com.qa.bps.test.VSBTest.taskResetFuncInDelayCloseTest(VSBTest.java:319)
at java.base/java.util.ArrayList.forEach(ArrayList.java:1511)
... Removed 30 stack frames]]>
    </failure>
  </testcase> <!-- taskResetFuncInDelayCloseTest -->
  <testcase classname="com.qa.bps.test.VSBTest" name="restartFuncInNormalStartTest" time="43.217"/>
  <testcase classname="com.qa.bps.test.VSBTest" name="restartFuncInDelayStartTest" time="58.95">
    <failure type="java.lang.AssertionError" message="Expected task details are not matched with actual task details hence Restart functionality with Delay start and normal close is failed  expected [true] but found [false]">
      <![CDATA[java.lang.AssertionError: Expected task details are not matched with actual task details hence Restart functionality with Delay start and normal close is failed  expected [true] but found [false]
at com.qa.bps.test.VSBTest.restartFuncInDelayStartTest(VSBTest.java:334)
at java.base/java.util.ArrayList.forEach(ArrayList.java:1511)
... Removed 30 stack frames]]>
    </failure>
  </testcase> <!-- restartFuncInDelayStartTest -->
  <testcase classname="com.qa.bps.test.VSBTest" name="restartFuncInDelayCloseTest" time="57.804"/>
  <testcase classname="com.qa.bps.test.VSBTest" name="nextTaskTimeUpdWithDelayStartTest" time="62.837">
    <failure type="java.lang.AssertionError" message="Next Task is not moving foraward After Delay Start expected [true] but found [false]">
      <![CDATA[java.lang.AssertionError: Next Task is not moving foraward After Delay Start expected [true] but found [false]
at com.qa.bps.test.VSBTest.nextTaskTimeUpdWithDelayStartTest(VSBTest.java:348)
at java.base/java.util.ArrayList.forEach(ArrayList.java:1511)
... Removed 30 stack frames]]>
    </failure>
  </testcase> <!-- nextTaskTimeUpdWithDelayStartTest -->
  <testcase classname="com.qa.bps.test.VSBTest" name="nextTaskTimeUpdAfterResetForDelayStartTest" time="31.226"/>
  <testcase classname="com.qa.bps.test.VSBTest" name="nextTaskTimeUpdWithDelayCloseTest" time="52.387"/>
  <testcase classname="com.qa.bps.test.VSBTest" name="nextTaskTimeUpdAfterResetForDelayCloseTest" time="31.358">
    <failure type="java.lang.AssertionError" message="Task is not moving backward after reset in delay close expected [true] but found [false]">
      <![CDATA[java.lang.AssertionError: Task is not moving backward after reset in delay close expected [true] but found [false]
at com.qa.bps.test.VSBTest.nextTaskTimeUpdAfterResetForDelayCloseTest(VSBTest.java:366)
at java.base/java.util.ArrayList.forEach(ArrayList.java:1511)
... Removed 30 stack frames]]>
    </failure>
  </testcase> <!-- nextTaskTimeUpdAfterResetForDelayCloseTest -->
</testsuite> <!-- Smoke -->
